[Thu Feb 08 12:11:50 CET 2024] -- Taldeen fitxategiia irakurri da
[Thu Feb 08 12:14:13 CET 2024] -- Taldeen fitxategiia irakurri da
[Thu Feb 08 12:14:17 CET 2024] -- Taldeen fitxategiia irakurri da
[Fri Feb 09 09:37:21 CET 2024] -- Denboraldien fitxategiia irakurri da
[Fri Feb 09 09:37:22 CET 2024] -- Taldeen fitxategiia irakurri da
[Fri Feb 09 09:37:26 CET 2024] -- Taldeen fitxategiia irakurri da
[Fri Feb 09 09:37:26 CET 2024] -- Jardunaldien fitxategia irakurri da
[Fri Feb 09 09:37:30 CET 2024] -- Taldeen fitxategiia irakurri da
[Fri Feb 09 09:37:30 CET 2024] -- Jardunaldien fitxategia irakurri da
[Fri Feb 09 09:37:33 CET 2024] -- Taldeen fitxategiia irakurri da
[Fri Feb 09 09:37:33 CET 2024] -- Jardunaldien fitxategia irakurri da
[Fri Feb 09 09:37:37 CET 2024] -- Jardunaldien fitxategia irakurri da
[Fri Feb 09 09:37:37 CET 2024] -- Jardunaldien fitxategia gorde da
[Fri Feb 09 10:34:25 CET 2024] -- Taldeen fitxategiia irakurri da
[Fri Feb 09 10:34:53 CET 2024] -- Denboraldien fitxategiia irakurri da
[Fri Feb 09 10:34:53 CET 2024] -- Taldeen fitxategiia irakurri da
[Fri Feb 09 10:37:04 CET 2024] -- Taldeen fitxategiia irakurri da
[Fri Feb 09 10:38:01 CET 2024] -- Taldeen fitxategiia irakurri da
[Mon Feb 19 09:29:28 CET 2024] -- Taldeen fitxategiia irakurri da
[Mon Feb 19 09:33:26 CET 2024] -- Taldeen fitxategiia irakurri da
[Mon Feb 19 09:33:41 CET 2024] -- Taldeen fitxategiia irakurri da
[Mon Feb 19 09:35:47 CET 2024] -- Taldeen fitxategiia irakurri da
[Mon Feb 19 09:59:32 CET 2024] -- Denboraldien fitxategiia irakurri da
[Mon Feb 19 09:59:32 CET 2024] -- Taldeen fitxategiia irakurri da
[Mon Feb 19 09:59:36 CET 2024] -- Taldeen fitxategiia irakurri da
[Mon Feb 19 09:59:36 CET 2024] -- Jardunaldien fitxategia irakurri da
[Mon Feb 19 09:59:43 CET 2024] -- Jardunaldien fitxategia irakurri da
[Mon Feb 19 09:59:43 CET 2024] -- Jardunaldien fitxategia gorde da
[Mon Feb 19 09:59:44 CET 2024] -- Taldeen fitxategiia irakurri da
[Mon Feb 19 09:59:44 CET 2024] -- Jardunaldien fitxategia irakurri da
[Mon Feb 19 10:02:49 CET 2024] -- Denboraldien fitxategiia irakurri da
[Mon Feb 19 10:02:49 CET 2024] -- Taldeen fitxategiia irakurri da
[Mon Feb 19 10:02:52 CET 2024] -- Taldeen fitxategiia irakurri da
[Mon Feb 19 10:02:52 CET 2024] -- Jardunaldien fitxategia irakurri da
[Mon Feb 19 10:02:56 CET 2024] -- Taldeen fitxategiia irakurri da
[Mon Feb 19 10:02:56 CET 2024] -- Jardunaldien fitxategia irakurri da
[Mon Feb 19 10:31:58 CET 2024] -- Denboraldien fitxategiia irakurri da
[Mon Feb 19 10:31:58 CET 2024] -- Taldeen fitxategiia irakurri da
[Mon Feb 19 10:32:00 CET 2024] -- Taldeen fitxategiia irakurri da
[Mon Feb 19 10:32:00 CET 2024] -- Jardunaldien fitxategia irakurri da
[Mon Feb 19 10:32:05 CET 2024] -- Jardunaldien fitxategia irakurri da
[Mon Feb 19 10:32:05 CET 2024] -- Jardunaldien fitxategia gorde da
[Mon Feb 19 10:32:06 CET 2024] -- Taldeen fitxategiia irakurri da
[Mon Feb 19 10:32:06 CET 2024] -- Jardunaldien fitxategia irakurri da
[Mon Feb 19 10:32:08 CET 2024] -- Jokalarien fitxategia irakurri da
[Mon Feb 19 10:44:49 CET 2024] -- Denboraldien fitxategiia irakurri da
[Mon Feb 19 10:44:49 CET 2024] -- Taldeen fitxategiia irakurri da
[Mon Feb 19 10:44:52 CET 2024] -- Taldeen fitxategiia irakurri da
[Mon Feb 19 10:44:53 CET 2024] -- Jardunaldien fitxategia irakurri da
[Mon Feb 19 10:44:56 CET 2024] -- Taldeen fitxategiia irakurri da
[Mon Feb 19 10:44:56 CET 2024] -- Jardunaldien fitxategia irakurri da
[Mon Feb 19 10:45:01 CET 2024] -- Jokalarien fitxategia irakurri da
[Mon Feb 19 10:45:30 CET 2024] -- Jokalarien fitxategia irakurri da
[Mon Feb 19 10:45:35 CET 2024] -- Jokalarien fitxategia irakurri da
[Mon Feb 19 10:47:37 CET 2024] -- Denboraldien fitxategiia irakurri da
[Mon Feb 19 10:47:37 CET 2024] -- Taldeen fitxategiia irakurri da
[Mon Feb 19 10:47:41 CET 2024] -- Taldeen fitxategiia irakurri da
[Mon Feb 19 10:47:41 CET 2024] -- Jardunaldien fitxategia irakurri da
[Mon Feb 19 10:47:46 CET 2024] -- Jardunaldien fitxategia irakurri da
[Mon Feb 19 10:47:46 CET 2024] -- Jardunaldien fitxategia gorde da
[Mon Feb 19 10:47:47 CET 2024] -- Taldeen fitxategiia irakurri da
[Mon Feb 19 10:47:47 CET 2024] -- Jardunaldien fitxategia irakurri da
[Mon Feb 19 10:47:51 CET 2024] -- Jokalarien fitxategia irakurri da
[Mon Feb 19 10:47:53 CET 2024] -- Jokalarien fitxategia irakurri da
[Mon Feb 19 10:48:56 CET 2024] -- Denboraldien fitxategiia irakurri da
[Mon Feb 19 10:48:56 CET 2024] -- Taldeen fitxategiia irakurri da
[Mon Feb 19 10:48:59 CET 2024] -- Taldeen fitxategiia irakurri da
[Mon Feb 19 10:48:59 CET 2024] -- Jardunaldien fitxategia irakurri da
[Mon Feb 19 10:49:03 CET 2024] -- Taldeen fitxategiia irakurri da
[Mon Feb 19 10:49:03 CET 2024] -- Jardunaldien fitxategia irakurri da
[Mon Feb 19 10:49:06 CET 2024] -- Jokalarien fitxategia irakurri da
[Mon Feb 19 10:49:07 CET 2024] -- Jokalarien fitxategia irakurri da
[Mon Feb 19 10:51:27 CET 2024] -- Denboraldien fitxategiia irakurri da
[Mon Feb 19 10:51:27 CET 2024] -- Taldeen fitxategiia irakurri da
[Mon Feb 19 10:51:36 CET 2024] -- Taldeen fitxategiia irakurri da
[Mon Feb 19 10:51:36 CET 2024] -- Jardunaldien fitxategia irakurri da
[Mon Feb 19 10:51:44 CET 2024] -- Taldeen fitxategiia irakurri da
[Mon Feb 19 10:51:44 CET 2024] -- Jardunaldien fitxategia irakurri da
[Mon Feb 19 10:51:47 CET 2024] -- Jokalarien fitxategia irakurri da
[Mon Feb 19 10:51:49 CET 2024] -- Jokalarien fitxategia irakurri da
[Mon Feb 19 10:51:52 CET 2024] -- Jokalarien fitxategia irakurri da
[Mon Feb 19 10:52:31 CET 2024] -- Denboraldien fitxategiia irakurri da
[Mon Feb 19 10:52:31 CET 2024] -- Taldeen fitxategiia irakurri da
[Mon Feb 19 10:52:35 CET 2024] -- Taldeen fitxategiia irakurri da
[Mon Feb 19 10:52:35 CET 2024] -- Jardunaldien fitxategia irakurri da
[Mon Feb 19 10:52:38 CET 2024] -- Taldeen fitxategiia irakurri da
[Mon Feb 19 10:52:38 CET 2024] -- Jardunaldien fitxategia irakurri da
[Mon Feb 19 10:52:41 CET 2024] -- Jokalarien fitxategia irakurri da
[Mon Feb 19 10:52:43 CET 2024] -- Jokalarien fitxategia irakurri da
[Mon Feb 19 10:58:23 CET 2024] -- Denboraldien fitxategiia irakurri da
[Mon Feb 19 10:58:23 CET 2024] -- Taldeen fitxategiia irakurri da
[Mon Feb 19 11:41:44 CET 2024] -- Denboraldien fitxategiia irakurri da
[Mon Feb 19 11:41:44 CET 2024] -- Taldeen fitxategiia irakurri da
[Mon Feb 19 11:41:49 CET 2024] -- Taldeen fitxategiia irakurri da
[Mon Feb 19 11:41:49 CET 2024] -- Jardunaldien fitxategia irakurri da
[Mon Feb 19 11:41:52 CET 2024] -- Taldeen fitxategiia irakurri da
[Mon Feb 19 11:41:52 CET 2024] -- Jardunaldien fitxategia irakurri da
[Mon Feb 19 11:41:57 CET 2024] -- Jokalarien fitxategia irakurri da
[Mon Feb 19 11:42:01 CET 2024] -- Jokalarien fitxategia irakurri da
[Mon Feb 19 11:42:18 CET 2024] -- Jokalarien fitxategia irakurri da
[Mon Feb 19 11:42:21 CET 2024] -- Jokalarien fitxategia irakurri da
[Mon Feb 19 11:42:23 CET 2024] -- Jokalarien fitxategia irakurri da
[Mon Feb 19 11:42:31 CET 2024] -- Denboraldien fitxategiia irakurri da
[Mon Feb 19 11:42:31 CET 2024] -- Taldeen fitxategiia irakurri da
[Mon Feb 19 11:42:39 CET 2024] -- Taldeen fitxategiia irakurri da
[Mon Feb 19 11:42:39 CET 2024] -- Jardunaldien fitxategia irakurri da
[Mon Feb 19 11:42:43 CET 2024] -- Taldeen fitxategiia irakurri da
[Mon Feb 19 11:42:43 CET 2024] -- Jardunaldien fitxategia irakurri da
[Mon Feb 19 11:42:47 CET 2024] -- Jokalarien fitxategia irakurri da
[Mon Feb 19 11:42:50 CET 2024] -- Jokalarien fitxategia irakurri da
[Mon Feb 19 11:42:54 CET 2024] -- Jokalarien fitxategia irakurri da
[Mon Feb 19 11:42:57 CET 2024] -- Jokalarien fitxategia irakurri da
[Mon Feb 19 11:43:00 CET 2024] -- Jokalarien fitxategia irakurri da
[Mon Feb 19 11:43:02 CET 2024] -- Jokalarien fitxategia irakurri da
[Mon Feb 19 11:43:05 CET 2024] -- Jokalarien fitxategia irakurri da
[Mon Feb 19 11:43:09 CET 2024] -- Jokalarien fitxategia irakurri da
[Mon Feb 19 11:43:33 CET 2024] -- Denboraldien fitxategiia irakurri da
[Mon Feb 19 11:43:33 CET 2024] -- Taldeen fitxategiia irakurri da
[Mon Feb 19 11:43:36 CET 2024] -- Taldeen fitxategiia irakurri da
[Mon Feb 19 11:43:36 CET 2024] -- Jardunaldien fitxategia irakurri da
[Mon Feb 19 11:43:40 CET 2024] -- Taldeen fitxategiia irakurri da
[Mon Feb 19 11:43:40 CET 2024] -- Jardunaldien fitxategia irakurri da
[Mon Feb 19 11:43:44 CET 2024] -- Jokalarien fitxategia irakurri da
[Mon Feb 19 11:43:46 CET 2024] -- Jokalarien fitxategia irakurri da
[Mon Feb 19 11:44:05 CET 2024] -- Denboraldien fitxategiia irakurri da
[Mon Feb 19 11:44:05 CET 2024] -- Taldeen fitxategiia irakurri da
[Mon Feb 19 11:44:11 CET 2024] -- Taldeen fitxategiia irakurri da
[Mon Feb 19 11:44:11 CET 2024] -- Jardunaldien fitxategia irakurri da
[Mon Feb 19 11:44:14 CET 2024] -- Taldeen fitxategiia irakurri da
[Mon Feb 19 11:44:14 CET 2024] -- Jardunaldien fitxategia irakurri da
[Mon Feb 19 11:44:17 CET 2024] -- Jokalarien fitxategia irakurri da
[Mon Feb 19 11:44:19 CET 2024] -- Jokalarien fitxategia irakurri da
[Mon Feb 19 11:46:10 CET 2024] -- Denboraldien fitxategiia irakurri da
[Mon Feb 19 11:46:10 CET 2024] -- Taldeen fitxategiia irakurri da
[Mon Feb 19 11:46:13 CET 2024] -- Taldeen fitxategiia irakurri da
[Mon Feb 19 11:46:13 CET 2024] -- Jardunaldien fitxategia irakurri da
[Mon Feb 19 11:46:17 CET 2024] -- Taldeen fitxategiia irakurri da
[Mon Feb 19 11:46:17 CET 2024] -- Jardunaldien fitxategia irakurri da
[Mon Feb 19 11:46:21 CET 2024] -- Jokalarien fitxategia irakurri da
[Mon Feb 19 11:46:23 CET 2024] -- Jokalarien fitxategia irakurri da
[Mon Feb 19 11:47:05 CET 2024] -- Denboraldien fitxategiia irakurri da
[Mon Feb 19 11:47:05 CET 2024] -- Taldeen fitxategiia irakurri da
[Mon Feb 19 11:47:08 CET 2024] -- Taldeen fitxategiia irakurri da
[Mon Feb 19 11:47:08 CET 2024] -- Jardunaldien fitxategia irakurri da
[Mon Feb 19 11:47:12 CET 2024] -- Taldeen fitxategiia irakurri da
[Mon Feb 19 11:47:12 CET 2024] -- Jardunaldien fitxategia irakurri da
[Mon Feb 19 11:47:25 CET 2024] -- Jokalarien fitxategia irakurri da
[Mon Feb 19 11:47:27 CET 2024] -- Jokalarien fitxategia irakurri da
[Mon Feb 19 11:50:21 CET 2024] -- Denboraldien fitxategiia irakurri da
[Mon Feb 19 11:50:21 CET 2024] -- Taldeen fitxategiia irakurri da
[Mon Feb 19 11:50:24 CET 2024] -- Taldeen fitxategiia irakurri da
[Mon Feb 19 11:50:24 CET 2024] -- Jardunaldien fitxategia irakurri da
[Mon Feb 19 11:50:28 CET 2024] -- Taldeen fitxategiia irakurri da
[Mon Feb 19 11:50:28 CET 2024] -- Jardunaldien fitxategia irakurri da
[Mon Feb 19 11:50:31 CET 2024] -- Jokalarien fitxategia irakurri da
[Mon Feb 19 11:50:32 CET 2024] -- Jokalarien fitxategia irakurri da
[Mon Feb 19 11:50:45 CET 2024] -- Jokalarien fitxategia irakurri da
[Mon Feb 19 11:50:51 CET 2024] -- Jokalarien fitxategia irakurri da
[Mon Feb 19 11:52:40 CET 2024] -- Denboraldien fitxategiia irakurri da
[Mon Feb 19 11:52:40 CET 2024] -- Taldeen fitxategiia irakurri da
[Mon Feb 19 11:52:44 CET 2024] -- Taldeen fitxategiia irakurri da
[Mon Feb 19 11:52:44 CET 2024] -- Jardunaldien fitxategia irakurri da
[Mon Feb 19 11:52:47 CET 2024] -- Taldeen fitxategiia irakurri da
[Mon Feb 19 11:52:47 CET 2024] -- Jardunaldien fitxategia irakurri da
[Mon Feb 19 11:52:50 CET 2024] -- Jokalarien fitxategia irakurri da
[Mon Feb 19 11:52:59 CET 2024] -- Jokalarien fitxategia irakurri da
[Mon Feb 19 11:53:18 CET 2024] -- Denboraldien fitxategiia irakurri da
[Mon Feb 19 11:53:19 CET 2024] -- Taldeen fitxategiia irakurri da
[Mon Feb 19 11:53:27 CET 2024] -- Taldeen fitxategiia irakurri da
[Mon Feb 19 11:53:27 CET 2024] -- Jardunaldien fitxategia irakurri da
[Mon Feb 19 11:53:30 CET 2024] -- Taldeen fitxategiia irakurri da
[Mon Feb 19 11:53:30 CET 2024] -- Jardunaldien fitxategia irakurri da
[Mon Feb 19 11:53:33 CET 2024] -- Jokalarien fitxategia irakurri da
[Mon Feb 19 12:24:27 CET 2024] -- Denboraldien fitxategiia irakurri da
[Mon Feb 19 12:24:27 CET 2024] -- Taldeen fitxategiia irakurri da
[Mon Feb 19 12:24:31 CET 2024] -- Taldeen fitxategiia irakurri da
[Mon Feb 19 12:24:31 CET 2024] -- Jardunaldien fitxategia irakurri da
[Mon Feb 19 12:24:41 CET 2024] -- Taldeen fitxategiia irakurri da
[Mon Feb 19 12:24:41 CET 2024] -- Jardunaldien fitxategia irakurri da
[Mon Feb 19 12:24:48 CET 2024] -- Jokalarien fitxategia irakurri da
[Mon Feb 19 12:24:52 CET 2024] -- Jokalarien fitxategia irakurri da
[Mon Feb 19 12:24:57 CET 2024] -- Jokalarien fitxategia irakurri da
[Mon Feb 19 12:24:57 CET 2024] -- Jokalarien fitxategia irakurri da
[Mon Feb 19 12:24:57 CET 2024] -- Jokalarien fitxategia irakurri da
[Mon Feb 19 12:24:57 CET 2024] -- Jokalarien fitxategia irakurri da
[Mon Feb 19 12:24:57 CET 2024] -- Jokalarien fitxategia irakurri da
[Mon Feb 19 12:24:57 CET 2024] -- Jokalarien fitxategia irakurri da
[Mon Feb 19 12:24:57 CET 2024] -- Jardunaldien fitxategia gorde da
[Mon Feb 19 12:25:53 CET 2024] -- Denboraldien fitxategiia irakurri da
[Mon Feb 19 12:25:53 CET 2024] -- Taldeen fitxategiia irakurri da
[Mon Feb 19 12:25:59 CET 2024] -- Denboraldia Listan gorde da
[Mon Feb 19 12:26:09 CET 2024] -- Taldeen fitxategiia irakurri da
[Mon Feb 19 12:26:10 CET 2024] -- Jardunaldien fitxategia sortu da
[Mon Feb 19 12:26:40 CET 2024] -- Denboraldien fitxategiia irakurri da
[Mon Feb 19 12:26:40 CET 2024] -- Taldeen fitxategiia irakurri da
[Mon Feb 19 12:27:15 CET 2024] -- Denboraldia Listan gorde da
[Mon Feb 19 12:27:36 CET 2024] -- Taldeen fitxategiia irakurri da
[Mon Feb 19 12:27:36 CET 2024] -- Jardunaldien fitxategia sortu da
[Mon Feb 19 12:27:52 CET 2024] -- Taldeen fitxategiia irakurri da
[Mon Feb 19 12:27:52 CET 2024] -- Jardunaldien fitxategia irakurri da
[Mon Feb 19 12:28:27 CET 2024] -- Jardunaldien fitxategia irakurri da
[Mon Feb 19 12:28:31 CET 2024] -- Taldeen fitxategiia irakurri da
[Mon Feb 19 12:28:31 CET 2024] -- Jardunaldien fitxategia irakurri da
[Mon Feb 19 12:28:37 CET 2024] -- Taldeen fitxategiia irakurri da
[Mon Feb 19 12:28:37 CET 2024] -- Jardunaldien fitxategia irakurri da
[Mon Feb 19 12:28:46 CET 2024] -- Jardunaldien fitxategia irakurri da
[Mon Feb 19 12:28:46 CET 2024] -- Jardunaldien fitxategia gorde da
[Mon Feb 19 12:28:47 CET 2024] -- Jardunaldien fitxategia irakurri da
[Mon Feb 19 12:28:47 CET 2024] -- Jardunaldien fitxategia gorde da
[Mon Feb 19 12:28:47 CET 2024] -- Jardunaldien fitxategia irakurri da
[Mon Feb 19 12:28:47 CET 2024] -- Jardunaldien fitxategia gorde da
[Mon Feb 19 12:28:47 CET 2024] -- Jardunaldien fitxategia irakurri da
[Mon Feb 19 12:28:47 CET 2024] -- Jardunaldien fitxategia gorde da
[Mon Feb 19 12:28:49 CET 2024] -- Taldeen fitxategiia irakurri da
[Mon Feb 19 12:28:49 CET 2024] -- Jardunaldien fitxategia irakurri da
[Mon Feb 19 14:21:15 CET 2024] -- Denboraldien fitxategiia irakurri da
[Mon Feb 19 14:21:15 CET 2024] -- Denboraldien fitxategiia irakurri da
[Mon Feb 19 14:21:15 CET 2024] -- Taldeen fitxategiia irakurri da
[Mon Feb 19 14:21:15 CET 2024] -- Taldeen fitxategiia irakurri da
[Mon Feb 19 14:21:16 CET 2024] -- Denboraldien fitxategiia irakurri da
[Mon Feb 19 14:21:16 CET 2024] -- Taldeen fitxategiia irakurri da
[Mon Feb 19 14:21:30 CET 2024] -- Taldeen fitxategiia irakurri da
[Mon Feb 19 14:21:30 CET 2024] -- Jardunaldien fitxategia irakurri da
[Mon Feb 19 14:21:36 CET 2024] -- Taldeen fitxategiia irakurri da
[Mon Feb 19 14:21:36 CET 2024] -- Jardunaldien fitxategia irakurri da
[Mon Feb 19 14:21:41 CET 2024] -- Jokalarien fitxategia irakurri da
[Mon Feb 19 14:21:45 CET 2024] -- Jokalarien fitxategia irakurri da
[Mon Feb 19 14:21:49 CET 2024] -- Jokalarien fitxategia irakurri da
[Mon Feb 19 14:21:49 CET 2024] -- Jokalarien fitxategia irakurri da
[Mon Feb 19 14:21:49 CET 2024] -- Jokalarien fitxategia irakurri da
[Mon Feb 19 14:21:49 CET 2024] -- Jokalarien fitxategia irakurri da
[Mon Feb 19 14:21:49 CET 2024] -- Jokalarien fitxategia irakurri da
[Mon Feb 19 14:21:49 CET 2024] -- Jokalarien fitxategia irakurri da
[Mon Feb 19 14:21:49 CET 2024] -- Jardunaldien fitxategia gorde da
[Tue Feb 20 11:48:10 CET 2024] -- Denboraldien fitxategiia irakurri da
[Tue Feb 20 11:48:10 CET 2024] -- Taldeen fitxategiia irakurri da
[Tue Feb 20 11:48:14 CET 2024] -- Taldeen fitxategiia irakurri da
[Tue Feb 20 11:48:14 CET 2024] -- Jardunaldien fitxategia irakurri da
[Tue Feb 20 11:48:19 CET 2024] -- Taldeen fitxategiia irakurri da
[Tue Feb 20 11:48:19 CET 2024] -- Jardunaldien fitxategia irakurri da
[Tue Feb 20 11:48:24 CET 2024] -- Jokalarien fitxategia irakurri da
[Tue Feb 20 11:48:30 CET 2024] -- Jokalarien fitxategia irakurri da
[Tue Feb 20 11:48:33 CET 2024] -- Jokalarien fitxategia irakurri da
[Tue Feb 20 11:48:38 CET 2024] -- Jokalarien fitxategia irakurri da
[Tue Feb 20 11:48:38 CET 2024] -- Jokalarien fitxategia irakurri da
[Tue Feb 20 11:48:38 CET 2024] -- Jokalarien fitxategia irakurri da
[Tue Feb 20 11:48:38 CET 2024] -- Jokalarien fitxategia irakurri da
[Tue Feb 20 11:48:38 CET 2024] -- Jokalarien fitxategia irakurri da
[Tue Feb 20 11:48:38 CET 2024] -- Jokalarien fitxategia irakurri da
[Tue Feb 20 11:48:38 CET 2024] -- Jardunaldien fitxategia gorde da
[Tue Feb 20 11:50:30 CET 2024] -- Denboraldien fitxategiia irakurri da
[Tue Feb 20 11:50:30 CET 2024] -- Taldeen fitxategiia irakurri da
[Tue Feb 20 11:50:36 CET 2024] -- Taldeen fitxategiia irakurri da
[Tue Feb 20 11:50:36 CET 2024] -- Jardunaldien fitxategia irakurri da
[Tue Feb 20 11:50:42 CET 2024] -- Taldeen fitxategiia irakurri da
[Tue Feb 20 11:50:42 CET 2024] -- Jardunaldien fitxategia irakurri da
[Tue Feb 20 11:50:47 CET 2024] -- Jokalarien fitxategia irakurri da
[Tue Feb 20 11:50:51 CET 2024] -- Jokalarien fitxategia irakurri da
[Tue Feb 20 11:50:55 CET 2024] -- Jokalarien fitxategia irakurri da
[Tue Feb 20 11:50:55 CET 2024] -- Jokalarien fitxategia irakurri da
[Tue Feb 20 11:50:55 CET 2024] -- Jokalarien fitxategia irakurri da
[Tue Feb 20 11:50:55 CET 2024] -- Jokalarien fitxategia irakurri da
[Tue Feb 20 11:50:55 CET 2024] -- Jokalarien fitxategia irakurri da
[Tue Feb 20 11:50:55 CET 2024] -- Jokalarien fitxategia irakurri da
[Tue Feb 20 11:50:55 CET 2024] -- Jardunaldien fitxategia gorde da
[Tue Feb 20 11:57:42 CET 2024] -- Denboraldien fitxategiia irakurri da
[Tue Feb 20 11:57:42 CET 2024] -- Taldeen fitxategiia irakurri da
[Tue Feb 20 11:57:48 CET 2024] -- Taldeen fitxategiia irakurri da
[Tue Feb 20 11:57:48 CET 2024] -- Jardunaldien fitxategia irakurri da
[Tue Feb 20 11:57:52 CET 2024] -- Taldeen fitxategiia irakurri da
[Tue Feb 20 11:57:52 CET 2024] -- Jardunaldien fitxategia irakurri da
[Tue Feb 20 11:57:56 CET 2024] -- Jokalarien fitxategia irakurri da
[Tue Feb 20 12:00:59 CET 2024] -- Denboraldien fitxategiia irakurri da
[Tue Feb 20 12:00:59 CET 2024] -- Taldeen fitxategiia irakurri da
[Tue Feb 20 12:01:05 CET 2024] -- Taldeen fitxategiia irakurri da
[Tue Feb 20 12:01:05 CET 2024] -- Jardunaldien fitxategia irakurri da
[Tue Feb 20 12:01:09 CET 2024] -- Taldeen fitxategiia irakurri da
[Tue Feb 20 12:01:09 CET 2024] -- Jardunaldien fitxategia irakurri da
[Tue Feb 20 12:02:29 CET 2024] -- Denboraldien fitxategiia irakurri da
[Tue Feb 20 12:02:29 CET 2024] -- Taldeen fitxategiia irakurri da
[Tue Feb 20 12:02:45 CET 2024] -- Taldeen fitxategiia irakurri da
[Tue Feb 20 12:02:45 CET 2024] -- Jardunaldien fitxategia irakurri da
[Tue Feb 20 12:02:53 CET 2024] -- Taldeen fitxategiia irakurri da
[Tue Feb 20 12:02:53 CET 2024] -- Jardunaldien fitxategia irakurri da
[Tue Feb 20 12:02:57 CET 2024] -- Jokalarien fitxategia irakurri da
[Tue Feb 20 12:03:00 CET 2024] -- Jokalarien fitxategia irakurri da
[Tue Feb 20 12:03:03 CET 2024] -- Jokalarien fitxategia irakurri da
[Tue Feb 20 12:03:05 CET 2024] -- Jokalarien fitxategia irakurri da
[Tue Feb 20 12:03:09 CET 2024] -- Jokalarien fitxategia irakurri da
[Tue Feb 20 12:03:13 CET 2024] -- Jokalarien fitxategia irakurri da
[Tue Feb 20 12:03:17 CET 2024] -- Jokalarien fitxategia irakurri da
[Tue Feb 20 12:04:41 CET 2024] -- Denboraldien fitxategiia irakurri da
[Tue Feb 20 12:04:41 CET 2024] -- Taldeen fitxategiia irakurri da
[Tue Feb 20 12:04:46 CET 2024] -- Taldeen fitxategiia irakurri da
[Tue Feb 20 12:04:46 CET 2024] -- Jardunaldien fitxategia irakurri da
[Tue Feb 20 12:04:51 CET 2024] -- Taldeen fitxategiia irakurri da
[Tue Feb 20 12:04:51 CET 2024] -- Jardunaldien fitxategia irakurri da
[Tue Feb 20 12:04:55 CET 2024] -- Jokalarien fitxategia irakurri da
[Tue Feb 20 12:04:58 CET 2024] -- Jokalarien fitxategia irakurri da
[Tue Feb 20 12:05:00 CET 2024] -- Jokalarien fitxategia irakurri da
[Tue Feb 20 12:05:03 CET 2024] -- Jokalarien fitxategia irakurri da
[Tue Feb 20 12:05:06 CET 2024] -- Jokalarien fitxategia irakurri da
[Tue Feb 20 12:05:11 CET 2024] -- Jokalarien fitxategia irakurri da
[Tue Feb 20 12:05:16 CET 2024] -- Jokalarien fitxategia irakurri da
[Tue Feb 20 12:05:18 CET 2024] -- Jokalarien fitxategia irakurri da
[Tue Feb 20 12:05:21 CET 2024] -- Jokalarien fitxategia irakurri da
[Tue Feb 20 12:05:58 CET 2024] -- Denboraldien fitxategiia irakurri da
[Tue Feb 20 12:05:58 CET 2024] -- Taldeen fitxategiia irakurri da
[Tue Feb 20 12:06:02 CET 2024] -- Taldeen fitxategiia irakurri da
[Tue Feb 20 12:06:02 CET 2024] -- Jardunaldien fitxategia irakurri da
[Tue Feb 20 12:06:07 CET 2024] -- Taldeen fitxategiia irakurri da
[Tue Feb 20 12:06:07 CET 2024] -- Jardunaldien fitxategia irakurri da
[Tue Feb 20 12:06:11 CET 2024] -- Jokalarien fitxategia irakurri da
[Tue Feb 20 12:06:15 CET 2024] -- Jokalarien fitxategia irakurri da
[Tue Feb 20 12:06:18 CET 2024] -- Jokalarien fitxategia irakurri da
[Tue Feb 20 12:06:28 CET 2024] -- Jokalarien fitxategia irakurri da
[Tue Feb 20 12:06:28 CET 2024] -- Jokalarien fitxategia irakurri da
[Tue Feb 20 12:06:28 CET 2024] -- Jokalarien fitxategia irakurri da
[Tue Feb 20 12:06:28 CET 2024] -- Jokalarien fitxategia irakurri da
[Tue Feb 20 12:06:28 CET 2024] -- Jokalarien fitxategia irakurri da
[Tue Feb 20 12:06:28 CET 2024] -- Jokalarien fitxategia irakurri da
[Tue Feb 20 12:06:28 CET 2024] -- Jardunaldien fitxategia gorde da
[Tue Feb 20 12:06:30 CET 2024] -- Jokalarien fitxategia irakurri da
[Tue Feb 20 12:06:36 CET 2024] -- Jokalarien fitxategia irakurri da
[Tue Feb 20 12:06:39 CET 2024] -- Jokalarien fitxategia irakurri da
[Tue Feb 20 12:06:46 CET 2024] -- Jokalarien fitxategia irakurri da
[Tue Feb 20 12:06:46 CET 2024] -- Jokalarien fitxategia irakurri da
[Tue Feb 20 12:06:46 CET 2024] -- Jokalarien fitxategia irakurri da
[Tue Feb 20 12:06:46 CET 2024] -- Jokalarien fitxategia irakurri da
[Tue Feb 20 12:06:46 CET 2024] -- Jokalarien fitxategia irakurri da
[Tue Feb 20 12:06:46 CET 2024] -- Jokalarien fitxategia irakurri da
[Tue Feb 20 12:06:46 CET 2024] -- Jardunaldien fitxategia gorde da
[Tue Feb 20 12:06:50 CET 2024] -- Jokalarien fitxategia irakurri da
[Tue Feb 20 12:08:47 CET 2024] -- Denboraldien fitxategiia irakurri da
[Tue Feb 20 12:08:47 CET 2024] -- Taldeen fitxategiia irakurri da
[Tue Feb 20 12:08:51 CET 2024] -- Taldeen fitxategiia irakurri da
[Tue Feb 20 12:08:51 CET 2024] -- Jardunaldien fitxategia irakurri da
[Tue Feb 20 12:08:55 CET 2024] -- Taldeen fitxategiia irakurri da
[Tue Feb 20 12:08:55 CET 2024] -- Jardunaldien fitxategia irakurri da
[Tue Feb 20 12:08:59 CET 2024] -- Jokalarien fitxategia irakurri da
[Tue Feb 20 12:09:01 CET 2024] -- Jokalarien fitxategia irakurri da
[Tue Feb 20 12:15:12 CET 2024] -- Denboraldien fitxategiia irakurri da
[Tue Feb 20 12:15:12 CET 2024] -- Taldeen fitxategiia irakurri da
[Tue Feb 20 12:15:21 CET 2024] -- Taldeen fitxategiia irakurri da
[Tue Feb 20 12:15:21 CET 2024] -- Jardunaldien fitxategia irakurri da
[Tue Feb 20 12:15:24 CET 2024] -- Taldeen fitxategiia irakurri da
[Tue Feb 20 12:15:24 CET 2024] -- Jardunaldien fitxategia irakurri da
[Tue Feb 20 12:15:30 CET 2024] -- Jokalarien fitxategia irakurri da
[Tue Feb 20 12:15:32 CET 2024] -- Jokalarien fitxategia irakurri da
[Tue Feb 20 12:15:37 CET 2024] -- Jokalarien fitxategia irakurri da
[Tue Feb 20 12:15:41 CET 2024] -- Jokalarien fitxategia irakurri da
[Tue Feb 20 12:15:43 CET 2024] -- Jokalarien fitxategia irakurri da
[Tue Feb 20 12:15:46 CET 2024] -- Jokalarien fitxategia irakurri da
[Tue Feb 20 12:15:49 CET 2024] -- Jokalarien fitxategia irakurri da
[Tue Feb 20 12:15:52 CET 2024] -- Jokalarien fitxategia irakurri da
[Tue Feb 20 12:15:55 CET 2024] -- Jokalarien fitxategia irakurri da
[Tue Feb 20 12:17:15 CET 2024] -- Taldeen fitxategiia irakurri da
[Tue Feb 20 12:17:23 CET 2024] -- Denboraldien fitxategiia irakurri da
[Tue Feb 20 12:17:23 CET 2024] -- Taldeen fitxategiia irakurri da
[Tue Feb 20 12:17:30 CET 2024] -- Taldeen fitxategiia irakurri da
[Tue Feb 20 12:17:30 CET 2024] -- Jardunaldien fitxategia irakurri da
[Tue Feb 20 12:17:34 CET 2024] -- Taldeen fitxategiia irakurri da
[Tue Feb 20 12:17:34 CET 2024] -- Jardunaldien fitxategia irakurri da
[Tue Feb 20 12:17:38 CET 2024] -- Jokalarien fitxategia irakurri da
[Tue Feb 20 12:17:43 CET 2024] -- Jokalarien fitxategia irakurri da
[Tue Feb 20 12:19:09 CET 2024] -- Denboraldien fitxategiia irakurri da
[Tue Feb 20 12:19:09 CET 2024] -- Taldeen fitxategiia irakurri da
[Tue Feb 20 12:19:20 CET 2024] -- Taldeen fitxategiia irakurri da
[Tue Feb 20 12:19:21 CET 2024] -- Jardunaldien fitxategia irakurri da
[Tue Feb 20 12:19:41 CET 2024] -- Jardunaldien fitxategia irakurri da
[Tue Feb 20 12:19:41 CET 2024] -- Jardunaldien fitxategia gorde da
[Tue Feb 20 12:19:42 CET 2024] -- Taldeen fitxategiia irakurri da
[Tue Feb 20 12:19:42 CET 2024] -- Jardunaldien fitxategia irakurri da
[Tue Feb 20 12:19:50 CET 2024] -- Jokalarien fitxategia irakurri da
[Tue Feb 20 12:19:53 CET 2024] -- Jokalarien fitxategia irakurri da
[Tue Feb 20 12:20:02 CET 2024] -- Jokalarien fitxategia irakurri da
[Tue Feb 20 12:20:02 CET 2024] -- Jokalarien fitxategia irakurri da
[Tue Feb 20 12:20:02 CET 2024] -- Jokalarien fitxategia irakurri da
[Tue Feb 20 12:20:02 CET 2024] -- Jokalarien fitxategia irakurri da
[Tue Feb 20 12:20:02 CET 2024] -- Jokalarien fitxategia irakurri da
[Tue Feb 20 12:20:02 CET 2024] -- Jokalarien fitxategia irakurri da
[Tue Feb 20 12:20:02 CET 2024] -- Jokalarien fitxategia irakurri da
[Tue Feb 20 12:20:02 CET 2024] -- Jardunaldien fitxategia gorde da
[Tue Feb 20 12:20:08 CET 2024] -- Jokalarien fitxategia irakurri da
[Tue Feb 20 12:20:08 CET 2024] -- Jokalarien fitxategia irakurri da
[Tue Feb 20 12:20:08 CET 2024] -- Jokalarien fitxategia irakurri da
[Tue Feb 20 12:20:08 CET 2024] -- Jokalarien fitxategia irakurri da
[Tue Feb 20 12:20:08 CET 2024] -- Jokalarien fitxategia irakurri da
[Tue Feb 20 12:20:08 CET 2024] -- Jokalarien fitxategia irakurri da
[Tue Feb 20 12:20:08 CET 2024] -- Jokalarien fitxategia irakurri da
[Tue Feb 20 12:20:08 CET 2024] -- Jardunaldien fitxategia gorde da
[Tue Feb 20 12:20:10 CET 2024] -- Jokalarien fitxategia irakurri da
[Tue Feb 20 12:20:10 CET 2024] -- Jokalarien fitxategia irakurri da
[Tue Feb 20 12:20:10 CET 2024] -- Jokalarien fitxategia irakurri da
[Tue Feb 20 12:20:10 CET 2024] -- Jokalarien fitxategia irakurri da
[Tue Feb 20 12:20:10 CET 2024] -- Jokalarien fitxategia irakurri da
[Tue Feb 20 12:20:10 CET 2024] -- Jokalarien fitxategia irakurri da
[Tue Feb 20 12:20:10 CET 2024] -- Jokalarien fitxategia irakurri da
[Tue Feb 20 12:20:10 CET 2024] -- Jardunaldien fitxategia gorde da
[Tue Feb 20 12:20:10 CET 2024] -- Jokalarien fitxategia irakurri da
[Tue Feb 20 12:20:10 CET 2024] -- Jokalarien fitxategia irakurri da
[Tue Feb 20 12:20:10 CET 2024] -- Jokalarien fitxategia irakurri da
[Tue Feb 20 12:20:10 CET 2024] -- Jokalarien fitxategia irakurri da
[Tue Feb 20 12:20:10 CET 2024] -- Jokalarien fitxategia irakurri da
[Tue Feb 20 12:20:10 CET 2024] -- Jokalarien fitxategia irakurri da
[Tue Feb 20 12:20:10 CET 2024] -- Jokalarien fitxategia irakurri da
[Tue Feb 20 12:20:10 CET 2024] -- Jardunaldien fitxategia gorde da
[Fri Feb 23 10:23:51 CET 2024] -- Denboraldien fitxategiia irakurri da
[Fri Feb 23 10:23:51 CET 2024] -- Taldeen fitxategiia irakurri da
[Fri Feb 23 10:24:45 CET 2024] -- Denboraldien fitxategiia irakurri da
[Fri Feb 23 10:24:45 CET 2024] -- Taldeen fitxategiia irakurri da
[Fri Feb 23 10:27:18 CET 2024] -- Taldeen fitxategiia irakurri da
[Fri Feb 23 10:27:19 CET 2024] -- Jardunaldien fitxategia sortu da
[Fri Feb 23 10:27:19 CET 2024] -- Jokalarien fitxategia irakurri da
[Fri Feb 23 10:27:19 CET 2024] -- Jokalari denboraldi fitxategia sortu da
